#
# A fatal error has been detected by the Java Runtime Environment:
#
#  EXCEPTION_ACCESS_VIOLATION (0xc0000005) at pc=0x000000002576186a, pid=17348, tid=24484
#
# JRE version: 6.0_17-b04
# Java VM: Java HotSpot(TM) 64-Bit Server VM (14.3-b01 mixed mode windows-amd64 )
# Problematic frame:
# C  0x000000002576186a
#
# If you would like to submit a bug report, please visit:
#   http://java.sun.com/webapps/bugreport/crash.jsp
# The crash happened outside the Java Virtual Machine in native code.
# See problematic frame for where to report the bug.
#

---------------  T H R E A D  ---------------

Current thread (0x0000000059079000):  JavaThread "Main message loop" daemon [_thread_in_native, id=24484, stack(0x000000005b4b0000,0x000000005b530000)]

siginfo: ExceptionCode=0xc0000005, reading address 0x0000000000000000

Registers:
EAX=0x0000000029015568, EBX=0x000000005939ee70, ECX=0x0000000000000000, EDX=0x0000000026a7f030
ESP=0x000000005b51e170, EBP=0x0000000080040104, ESI=0x000000005b525f78, EDI=0x0000000026a7f068
EIP=0x000000002576186a, EFLAGS=0x0000000000010297

Top of Stack: (sp=0x000000005b51e170)
0x000000005b51e170:   000000005939ee70 0000000080040104
0x000000005b51e180:   000000005939ee70 0000000026a7f068
0x000000005b51e190:   0000000000000030 0000000029009100
0x000000005b51e1a0:   0000000000000010 000000006f79d1f8
0x000000005b51e1b0:   000000006f79d588 000000005b52f130
0x000000005b51e1c0:   000000005b51e2c0 000000005b51e4d0
0x000000005b51e1d0:   0000000000000004 000000006f79d1e0
0x000000005b51e1e0:   0000000029009100 000000005b51e500
0x000000005b51e1f0:   000000006feacc10 0000000000014ad6
0x000000005b51e200:   0000000078a65cf0 0000000028fd0080
0x000000005b51e210:   000000006d2895c0 0000000028fd0274
0x000000005b51e220:   0000000028fd0560 000000002944f3c0
0x000000005b51e230:   000000006f79d1e8 0000000078a66215
0x000000005b51e240:   000000005939e998 0000000078a755b3
0x000000005b51e250:   0000000000000130 0000000000000000
0x000000005b51e260:   000000005b51e188 000000005b51e1c8 

Instructions: (pc=0x000000002576186a)
0x000000002576185a:   83 c0 08 83 38 02 7f 0d 48 8b 8c 24 90 7d 00 00
0x000000002576186a:   48 8b 01 eb 66 83 38 03 75 0e 48 8b 8c 24 90 7d 


Stack: [0x000000005b4b0000,0x000000005b530000],  sp=0x000000005b51e170,  free space=440k
Native frames: (J=compiled Java code, j=interpreted, Vv=VM code, C=native code)
C  0x000000002576186a

Java frames: (J=compiled Java code, j=interpreted, Vv=VM code)
j  com.jniwrapper.Function.invokeCFunc(JJB[BII[II)I+0
J  com.jniwrapper.FunctionCall.a(ZJJJIBLcom/jniwrapper/Parameter;[Lcom/jniwrapper/Parameter;)J
j  com.jniwrapper.FunctionCall.call(JJBLcom/jniwrapper/Parameter;[Lcom/jniwrapper/Parameter;)J+11
j  com.jniwrapper.Function.invoke(Lcom/jniwrapper/Parameter;[Lcom/jniwrapper/Parameter;)J+24
j  com.jniwrapper.Function.invoke(Lcom/jniwrapper/Parameter;Lcom/jniwrapper/Parameter;)J+10
j  com.jniwrapper.win32.MessageLoopThread$LoopThread.run()V+299
v  ~StubRoutines::call_stub

---------------  P R O C E S S  ---------------

Java Threads: ( => current thread )
  0x0000000059079800 JavaThread "Timer-80" daemon [_thread_blocked, id=22624, stack(0x000000006c780000,0x000000006c800000)]
=>0x0000000059079000 JavaThread "Main message loop" daemon [_thread_in_native, id=24484, stack(0x000000005b4b0000,0x000000005b530000)]
  0x0000000059078800 JavaThread "com.jniwrapper.NativeResourceCollector" daemon [_thread_blocked, id=23652, stack(0x0000000054f80000,0x0000000055000000)]
  0x0000000059433000 JavaThread "Code Analyzer updating thread" [_thread_blocked, id=21528, stack(0x0000000027470000,0x00000000274f0000)]
  0x0000000059427800 JavaThread "Code Analyzer updating thread" [_thread_blocked, id=21740, stack(0x0000000026990000,0x0000000026a10000)]
  0x0000000059430800 JavaThread "Code Analyzer updating thread" [_thread_blocked, id=7296, stack(0x0000000026c10000,0x0000000026c90000)]
  0x000000005942c800 JavaThread "Explorer NavigationContext request queue" [_thread_blocked, id=17912, stack(0x0000000026c90000,0x0000000026d10000)]
  0x0000000059432000 JavaThread "Timer-53" [_thread_blocked, id=19068, stack(0x00000000267b0000,0x0000000026830000)]
  0x000000005942d000 JavaThread "pool-6-thread-1" [_thread_blocked, id=17724, stack(0x0000000026ad0000,0x0000000026b50000)]
  0x0000000059431800 JavaThread "Prefs Updater" daemon [_thread_blocked, id=19356, stack(0x0000000025570000,0x00000000255f0000)]
  0x0000000059428000 JavaThread "Foxtrot Multi Worker Thread Runner #1" daemon [_thread_blocked, id=15388, stack(0x00000000268e0000,0x0000000026960000)]
  0x0000000059430000 JavaThread "Code Analyzer updating thread" [_thread_blocked, id=16996, stack(0x0000000066ff0000,0x0000000067070000)]
  0x000000005942f800 JavaThread "Active Reference Queue Daemon" daemon [_thread_blocked, id=17676, stack(0x000000005bdf0000,0x000000005be70000)]
  0x000000005942e000 JavaThread "Timer-10" daemon [_thread_blocked, id=18312, stack(0x000000005b730000,0x000000005b7b0000)]
  0x000000005942e800 JavaThread "Timer-9" daemon [_thread_blocked, id=18700, stack(0x0000000066e60000,0x0000000066ee0000)]
  0x000000005942b000 JavaThread "AddressBar directory emptiness poller" [_thread_blocked, id=19428, stack(0x00000000449a0000,0x0000000044a20000)]
  0x000000005942a000 JavaThread "Explorer Refresh Service 597516262" [_thread_blocked, id=15156, stack(0x000000005b580000,0x000000005b600000)]
  0x0000000059429000 JavaThread "Timer-1" daemon [_thread_blocked, id=13440, stack(0x0000000054ef0000,0x0000000054f70000)]
  0x0000000059426800 JavaThread "TimerQueue" daemon [_thread_blocked, id=18580, stack(0x0000000021220000,0x00000000212a0000)]
  0x0000000059426000 JavaThread "Thread-5" daemon [_thread_blocked, id=19236, stack(0x000000000ff10000,0x000000000ff90000)]
  0x0000000059425000 JavaThread "AWT-EventQueue-0" [_thread_in_Java, id=18964, stack(0x0000000018f20000,0x0000000018fa0000)]
  0x0000000059424800 JavaThread "AWT-Shutdown" [_thread_blocked, id=12452, stack(0x000000000f650000,0x000000000f6d0000)]
  0x0000000059423800 JavaThread "FelixPackageAdmin" daemon [_thread_blocked, id=18592, stack(0x000000000fe70000,0x000000000fef0000)]
  0x0000000059929800 JavaThread "FelixStartLevel" daemon [_thread_blocked, id=14580, stack(0x000000000fb70000,0x000000000fbf0000)]
  0x00000000593c3800 JavaThread "FelixDispatchQueue" daemon [_thread_blocked, id=14372, stack(0x000000000fd00000,0x000000000fd80000)]
  0x00000000593d6800 JavaThread "com.google.common.base.internal.Finalizer" daemon [_thread_blocked, id=18468, stack(0x000000000f8e0000,0x000000000f960000)]
  0x000000000e926800 JavaThread "AWT-Windows" daemon [_thread_in_native, id=18712, stack(0x000000000f760000,0x000000000f7e0000)]
  0x000000000e453800 JavaThread "Java2D Disposer" daemon [_thread_blocked, id=18840, stack(0x000000000e790000,0x000000000e810000)]
  0x000000000f4a0800 JavaThread "Timer-0" [_thread_blocked, id=4836, stack(0x000000000f510000,0x000000000f590000)]
  0x000000000f37c800 JavaThread "EventMgr Dispatcher" daemon [_thread_in_native, id=18772, stack(0x0000000008940000,0x000000000c940000)]
  0x000000000e4b5000 JavaThread "Low Memory Detector" daemon [_thread_blocked, id=18184, stack(0x000000000cff0000,0x000000000d070000)]
  0x000000000e4b1800 JavaThread "CompilerThread1" daemon [_thread_blocked, id=16804, stack(0x000000005bea0000,0x000000005fea0000)]
  0x000000000e4a2000 JavaThread "CompilerThread0" daemon [_thread_blocked, id=19316, stack(0x0000000055060000,0x0000000059060000)]
  0x000000000e4a0800 JavaThread "Attach Listener" daemon [_thread_blocked, id=19404, stack(0x000000000e840000,0x000000000e8c0000)]
  0x0000000005d9f800 JavaThread "Finalizer" daemon [_thread_blocked, id=16748, stack(0x000000000e660000,0x000000000e6e0000)]
  0x0000000005d9e800 JavaThread "Reference Handler" daemon [_thread_blocked, id=18724, stack(0x000000000e710000,0x000000000e790000)]
  0x0000000005ce4000 JavaThread "main" [_thread_in_native, id=15816, stack(0x0000000000170000,0x0000000004170000)]

Other Threads:
  0x0000000005d9d000 VMThread [stack: 0x0000000050ee0000,0x0000000054ee0000] [id=16744]
  0x000000000e4e0800 WatcherThread [stack: 0x000000005fed0000,0x0000000063ed0000] [id=18380]

VM state:not at safepoint (normal execution)

VM Mutex/Monitor currently owned by a thread: None

Heap
 PSYoungGen      total 30464K, used 22731K [0x000000003d740000, 0x000000003fdb0000, 0x0000000040840000)
  eden space 21760K, 97% used [0x000000003d740000,0x000000003ec10760,0x000000003ec80000)
  from space 8704K, 16% used [0x000000003f510000,0x000000003f6724b8,0x000000003fd90000)
  to   space 8768K, 0% used [0x000000003ec80000,0x000000003ec80000,0x000000003f510000)
 PSOldGen        total 91072K, used 88815K [0x0000000034440000, 0x0000000039d30000, 0x000000003d740000)
  object space 91072K, 97% used [0x0000000034440000,0x0000000039afbd78,0x0000000039d30000)
 PSPermGen       total 77376K, used 77313K [0x000000002c440000, 0x0000000030fd0000, 0x0000000034440000)
  object space 77376K, 99% used [0x000000002c440000,0x0000000030fc06d0,0x0000000030fd0000)

Dynamic libraries:
0x000000013f660000 - 0x000000013f68d000 	C:\Program Files\MATLAB\R2012b\bin\win64\MATLAB.exe
0x0000000077550000 - 0x00000000776f9000 	C:\Windows\SYSTEM32\ntdll.dll
0x0000000077110000 - 0x000000007722f000 	C:\Windows\system32\kernel32.dll
0x000007fefda60000 - 0x000007fefdacc000 	C:\Windows\system32\KERNELBASE.dll
0x0000000074460000 - 0x000000007451f000 	C:\Program Files\MATLAB\R2012b\bin\win64\libut.dll
0x00000000758a0000 - 0x000000007595c000 	C:\Program Files\MATLAB\R2012b\bin\win64\libmwi18n.dll
0x0000000180000000 - 0x000000018000b000 	C:\Program Files\MATLAB\R2012b\bin\win64\libmwresource_core.dll
0x000000006e790000 - 0x000000006e863000 	C:\Windows\WinSxS\amd64_microsoft.vc90.crt_1fc8b3b9a1e18e3b_9.0.30729.6161_none_08e61857a83bc251\MSVCP90.dll
0x000000006e6e0000 - 0x000000006e783000 	C:\Windows\WinSxS\amd64_microsoft.vc90.crt_1fc8b3b9a1e18e3b_9.0.30729.6161_none_08e61857a83bc251\MSVCR90.dll
0x000000007a170000 - 0x000000007a19c000 	C:\Program Files\MATLAB\R2012b\bin\win64\boost_filesystem-vc90-mt-1_44.dll
0x000000007a560000 - 0x000000007a569000 	C:\Program Files\MATLAB\R2012b\bin\win64\boost_system-vc90-mt-1_44.dll
0x000007feff570000 - 0x000007feff64b000 	C:\Windows\system32\ADVAPI32.dll
0x000007fefddf0000 - 0x000007fefde8f000 	C:\Windows\system32\msvcrt.dll
0x000007fefe070000 - 0x000007fefe08f000 	C:\Windows\SYSTEM32\sechost.dll
0x000007feff2b0000 - 0x000007feff3dd000 	C:\Windows\system32\RPCRT4.dll
0x000000007a010000 - 0x000000007a035000 	C:\Program Files\MATLAB\R2012b\bin\win64\LIBEXPAT.dll
0x0000000070b20000 - 0x0000000070d11000 	C:\Program Files\MATLAB\R2012b\bin\win64\icuin44.dll
0x000000006be50000 - 0x000000006bfc1000 	C:\Program Files\MATLAB\R2012b\bin\win64\icuuc44.dll
0x0000000010000000 - 0x0000000010e41000 	C:\Program Files\MATLAB\R2012b\bin\win64\icudt44.dll
0x0000000073f70000 - 0x000000007411d000 	C:\Program Files\MATLAB\R2012b\bin\win64\libmwfl.dll
0x00000000043f0000 - 0x00000000047a6000 	C:\Program Files\MATLAB\R2012b\bin\win64\libmwMATLAB_res.dll
0x000000007a3b0000 - 0x000000007a3c0000 	C:\Program Files\MATLAB\R2012b\bin\win64\boost_date_time-vc90-mt-1_44.dll
0x000000007a250000 - 0x000000007a263000 	C:\Program Files\MATLAB\R2012b\bin\win64\boost_signals-vc90-mt-1_44.dll
0x000000007a2d0000 - 0x000000007a2e2000 	C:\Program Files\MATLAB\R2012b\bin\win64\boost_thread-vc90-mt-1_44.dll
0x00000000041a0000 - 0x000000000425d000 	C:\Program Files\MATLAB\R2012b\bin\win64\boost_log-vc90-mt-1_44.dll
0x0000000077710000 - 0x0000000077717000 	C:\Windows\system32\PSAPI.DLL
0x000007feff260000 - 0x000007feff2ad000 	C:\Windows\system32\WS2_32.dll
0x000007fefeea0000 - 0x000007fefeea8000 	C:\Windows\system32\NSI.dll
0x0000000004270000 - 0x00000000042b6000 	C:\Program Files\MATLAB\R2012b\bin\win64\tbb.dll
0x000007feff6d0000 - 0x000007feff6e9000 	C:\Windows\system32\imagehlp.dll
0x00000000718b0000 - 0x00000000718c3000 	C:\Program Files\MATLAB\R2012b\bin\win64\icuio44.dll
0x000007fef9d70000 - 0x000007fef9e95000 	C:\Windows\system32\dbghelp.dll
0x0000000077230000 - 0x000000007732a000 	C:\Windows\system32\USER32.dll
0x000007fefdd80000 - 0x000007fefdde7000 	C:\Windows\system32\GDI32.dll
0x000007feff560000 - 0x000007feff56e000 	C:\Windows\system32\LPK.dll
0x000007feff6f0000 - 0x000007feff7b9000 	C:\Windows\system32\USP10.dll
0x00000000047b0000 - 0x0000000004a8c000 	C:\Program Files\MATLAB\R2012b\bin\win64\libmwservices.dll
0x0000000075a20000 - 0x0000000075af3000 	C:\Program Files\MATLAB\R2012b\bin\win64\libmx.dll
0x0000000004aa0000 - 0x0000000004ac9000 	C:\Program Files\MATLAB\R2012b\bin\win64\tbbmalloc.dll
0x000000007a210000 - 0x000000007a228000 	C:\Program Files\MATLAB\R2012b\bin\win64\zlib1.dll
0x0000000004af0000 - 0x0000000004b3d000 	C:\Program Files\MATLAB\R2012b\bin\win64\libmwregexp.dll
0x0000000004b50000 - 0x0000000004b73000 	C:\Program Files\MATLAB\R2012b\bin\win64\libmwmfl_scalar.dll
0x0000000075f10000 - 0x0000000075f60000 	C:\Program Files\MATLAB\R2012b\bin\win64\mpath.dll
0x000000007b680000 - 0x000000007bc9a000 	C:\Program Files\MATLAB\R2012b\bin\win64\mlutil.dll
0x00000000754d0000 - 0x0000000075551000 	C:\Program Files\MATLAB\R2012b\bin\win64\xmlcore.dll
0x0000000004bc0000 - 0x0000000004e13000 	C:\Program Files\MATLAB\R2012b\bin\win64\xerces-c_2_7.dll
0x0000000004e30000 - 0x0000000004e50000 	C:\Program Files\MATLAB\R2012b\bin\win64\libmwMATLAB_settings_res.dll
0x0000000004e60000 - 0x0000000004e70000 	C:\Program Files\MATLAB\R2012b\bin\win64\boost_iostreams-vc90-mt-1_44.dll
0x0000000004e80000 - 0x0000000004ec7000 	C:\Program Files\MATLAB\R2012b\bin\win64\boost_serialization-vc90-mt-1_44.dll
0x000007fefe090000 - 0x000007fefee18000 	C:\Windows\system32\SHELL32.dll
0x000007feff650000 - 0x000007feff6c1000 	C:\Windows\system32\SHLWAPI.dll
0x000007fef8d50000 - 0x000007fef8df0000 	C:\Windows\WinSxS\amd64_microsoft.windows.common-controls_6595b64144ccf1df_5.82.7601.18201_none_a4d3b9377117c3df\COMCTL32.dll
0x000007feff7c0000 - 0x000007feff857000 	C:\Windows\system32\COMDLG32.dll
0x000007fefb2c0000 - 0x000007fefb2d6000 	C:\Windows\system32\NETAPI32.dll
0x000007fefce20000 - 0x000007fefce2c000 	C:\Windows\system32\netutils.dll
0x000007fefd5e0000 - 0x000007fefd603000 	C:\Windows\system32\srvcli.dll
0x000007fefb2a0000 - 0x000007fefb2b5000 	C:\Windows\system32\wkscli.dll
0x000007feff050000 - 0x000007feff253000 	C:\Windows\system32\ole32.dll
0x000007feff3e0000 - 0x000007feff4b7000 	C:\Windows\system32\OLEAUT32.dll
0x0000000074970000 - 0x0000000074a31000 	C:\Program Files\MATLAB\R2012b\bin\win64\mcr.dll
0x0000000075000000 - 0x00000000753e9000 	C:\Program Files\MATLAB\R2012b\bin\win64\iqm.dll
0x0000000074e80000 - 0x0000000074f38000 	C:\Program Files\MATLAB\R2012b\bin\win64\m_dispatcher.dll
0x0000000074880000 - 0x000000007496d000 	C:\Program Files\MATLAB\R2012b\bin\win64\boost_regex-vc90-mt-1_44.dll
0x000007fed3f10000 - 0x000007fed4781000 	C:\Program Files\MATLAB\R2012b\bin\win64\m_interpreter.dll
0x0000000071880000 - 0x00000000718a7000 	C:\Program Files\MATLAB\R2012b\bin\win64\libmex.dll
0x000000006df80000 - 0x000000006e004000 	C:\Program Files\MATLAB\R2012b\bin\win64\profiler.dll
0x0000000004f50000 - 0x00000000051ba000 	C:\Program Files\MATLAB\R2012b\bin\win64\libmwmathutil.dll
0x0000000079f40000 - 0x0000000079f6e000 	C:\Program Files\MATLAB\R2012b\bin\win64\libmwmathrng.dll
0x00000000051e0000 - 0x00000000051f2000 	C:\Program Files\MATLAB\R2012b\bin\win64\libmwmfl_rng.dll
0x0000000074c10000 - 0x0000000074cee000 	C:\Program Files\MATLAB\R2012b\bin\win64\libmwmathcore.dll
0x0000000076160000 - 0x00000000761ca000 	C:\Program Files\MATLAB\R2012b\bin\win64\libmwspmatrix.dll
0x0000000075ea0000 - 0x0000000075f02000 	C:\Program Files\MATLAB\R2012b\bin\win64\libmwcholmod.dll
0x000000007a460000 - 0x000000007a46d000 	C:\Program Files\MATLAB\R2012b\bin\win64\libmwamd.dll
0x000000007a4b0000 - 0x000000007a4bc000 	C:\Program Files\MATLAB\R2012b\bin\win64\libmwcolamd.dll
0x000000007a290000 - 0x000000007a2a9000 	C:\Program Files\MATLAB\R2012b\bin\win64\libmwblas.dll
0x000000007a310000 - 0x000000007a321000 	C:\Program Files\MATLAB\R2012b\bin\win64\libmwbinder.dll
0x000000007a4d0000 - 0x000000007a4dc000 	C:\Program Files\MATLAB\R2012b\bin\win64\libmwompwrapper.dll
0x0000000005290000 - 0x0000000005315000 	C:\Program Files\MATLAB\R2012b\bin\win64\libmwlapack.dll
0x000000006f050000 - 0x000000006f071000 	C:\Program Files\MATLAB\R2012b\bin\win64\m_pcodeio.dll
0x0000000079b10000 - 0x0000000079b77000 	C:\Program Files\MATLAB\R2012b\bin\win64\m_ir.dll
0x000000006b7e0000 - 0x000000006be50000 	C:\Program Files\MATLAB\R2012b\bin\win64\m_parser.dll
0x000000006f0e0000 - 0x000000006f0fa000 	C:\Program Files\MATLAB\R2012b\bin\win64\ir_xfmr.dll
0x000007fee7e60000 - 0x000007fee80f6000 	C:\Program Files\MATLAB\R2012b\bin\win64\mcos.dll
0x000000006f030000 - 0x000000006f041000 	C:\Program Files\MATLAB\R2012b\bin\win64\mtok.dll
0x000000006ccf0000 - 0x000000006cd21000 	C:\Program Files\MATLAB\R2012b\bin\win64\m_pcodegen.dll
0x0000000079fb0000 - 0x0000000079fe6000 	C:\Program Files\MATLAB\R2012b\bin\win64\libmwbridge.dll
0x000000006cc20000 - 0x000000006cce8000 	C:\Program Files\MATLAB\R2012b\bin\win64\udd.dll
0x000000006b680000 - 0x000000006b7d2000 	C:\Program Files\MATLAB\R2012b\bin\win64\libmwgui.dll
0x000000006e110000 - 0x000000006e127000 	C:\Program Files\MATLAB\R2012b\bin\win64\graphics_util.dll
0x000000005aa00000 - 0x000000005b45f000 	C:\Program Files\MATLAB\R2012b\bin\win64\hg.dll
0x00000000053f0000 - 0x0000000005458000 	C:\Program Files\MATLAB\R2012b\bin\win64\libmat.dll
0x0000000072d30000 - 0x0000000072f44000 	C:\Program Files\MATLAB\R2012b\bin\win64\hdf5dll.dll
0x0000000075710000 - 0x00000000757de000 	C:\Program Files\MATLAB\R2012b\bin\win64\jmi.dll
0x0000000005490000 - 0x000000000549d000 	C:\Program Files\MATLAB\R2012b\bin\win64\nativejava_services.dll
0x000000006cbd0000 - 0x000000006cc16000 	C:\Program Files\MATLAB\R2012b\bin\win64\libmwhardcopy.dll
0x000000006c130000 - 0x000000006c193000 	C:\Program Files\MATLAB\R2012b\bin\win64\libuij.dll
0x000000006b410000 - 0x000000006b674000 	C:\Program Files\MATLAB\R2012b\bin\win64\hgdatatypes.dll
0x000000006b2f0000 - 0x000000006b40f000 	C:\Program Files\MATLAB\R2012b\bin\win64\hgutils.dll
0x0000000068ba0000 - 0x0000000068c60000 	C:\Program Files\MATLAB\R2012b\bin\win64\udd_mi.dll
0x0000000005500000 - 0x000000000553b000 	C:\Program Files\MATLAB\R2012b\bin\win64\libmwgbtutils.dll
0x0000000005550000 - 0x000000000556b000 	C:\Program Files\MATLAB\R2012b\bin\win64\libmwgbt.dll
0x0000000005580000 - 0x0000000005851000 	C:\Program Files\MATLAB\R2012b\bin\win64\uiw.dll
0x0000000071870000 - 0x000000007187f000 	C:\Program Files\MATLAB\R2012b\bin\win64\uinone.dll
0x0000000005880000 - 0x00000000058a9000 	C:\Program Files\MATLAB\R2012b\bin\win64\libmwnativefiledialogs.dll
0x00000000058c0000 - 0x00000000058c8000 	C:\Program Files\MATLAB\R2012b\bin\win64\libmwplatform_res.dll
0x000007fef6cc0000 - 0x000007fef6cd8000 	C:\Windows\system32\MPR.dll
0x000000005b880000 - 0x000000005bd64000 	C:\Windows\WinSxS\amd64_microsoft.vc90.mfc_1fc8b3b9a1e18e3b_9.0.30729.6161_none_044aad0bab1eb146\mfc90.dll
0x000007fefaae0000 - 0x000007fefaae7000 	C:\Windows\system32\MSIMG32.dll
0x000007fef8df0000 - 0x000007fef8e61000 	C:\Windows\system32\WINSPOOL.DRV
0x000000006c1e0000 - 0x000000006c202000 	C:\Program Files\MATLAB\R2012b\bin\win64\mwoles05.DLL
0x000000006b270000 - 0x000000006b2ed000 	C:\Program Files\MATLAB\R2012b\bin\win64\comcli.dll
0x000000006d1e0000 - 0x000000006d20f000 	C:\Windows\WinSxS\amd64_microsoft.vc90.atl_1fc8b3b9a1e18e3b_9.0.30729.6161_none_0a1fd3a3a768b895\ATL90.DLL
0x0000000070e50000 - 0x0000000070e5c000 	C:\Program Files\MATLAB\R2012b\bin\win64\mlautoregister.dll
0x000007fefd880000 - 0x000007fefd8d7000 	C:\Windows\system32\apphelp.dll
0x000007feee970000 - 0x000007feee9c1000 	C:\Windows\AppPatch\AppPatch64\AcGenral.DLL
0x000007fefd850000 - 0x000007fefd875000 	C:\Windows\system32\SspiCli.dll
0x0000000071cf0000 - 0x0000000071cf3000 	C:\Windows\system32\sfc.dll
0x000007fef9d00000 - 0x000007fef9d10000 	C:\Windows\system32\sfc_os.DLL
0x000007fefcc90000 - 0x000007fefccae000 	C:\Windows\system32\USERENV.dll
0x000007fefd9b0000 - 0x000007fefd9bf000 	C:\Windows\system32\profapi.dll
0x000007fefbbd0000 - 0x000007fefbbe8000 	C:\Windows\system32\dwmapi.dll
0x000007feff020000 - 0x000007feff04e000 	C:\Windows\system32\IMM32.DLL
0x000007fefeeb0000 - 0x000007fefefb9000 	C:\Windows\system32\MSCTF.dll
0x000007fefc510000 - 0x000007fefc566000 	C:\Windows\system32\UxTheme.dll
0x0000000070990000 - 0x000000007099d000 	C:\Windows\WinSxS\amd64_microsoft.vc90.mfcloc_1fc8b3b9a1e18e3b_9.0.30729.6161_none_01c9581e60cbee58\MFC90ENU.DLL
0x000007fefca60000 - 0x000007fefca6c000 	C:\Windows\system32\VERSION.dll
0x0000000078870000 - 0x0000000078ecd000 	C:\Program Files\MATLAB\R2012b\sys\java\jre\win64\jre\bin\server\jvm.dll
0x000007fefb9d0000 - 0x000007fefba0b000 	C:\Windows\system32\WINMM.dll

VM Arguments:
jvm_args: -Xss512k -XX:PermSize=32m -Xms64m -XX:NewRatio=3 -XX:MaxPermSize=128m -Xmx196m -XX:MaxDirectMemorySize=2147400000 -Dsun.java2d.noddraw=true -Dsun.awt.nopixfmt=true -Xshare:off -Xrs -Dsun.awt.disableMixing=true -Djava.library.path=C:\Program Files\MATLAB\R2012b\bin\win64;C:\Program Files\MATLAB\R2012b\sys\jxbrowser\win64\lib vfprintf abort 
java_command: <unknown>
Launcher Type: generic

Environment Variables:
USERNAME=a0107257
OS=Windows_NT
PROCESSOR_IDENTIFIER=Intel64 Family 6 Model 58 Stepping 9, GenuineIntel



---------------  S Y S T E M  ---------------

OS: Windows 7 Build 7601 Service Pack 1

CPU:total 4 (8 cores per cpu, 2 threads per core) family 6 model 58 stepping 9, cmov, cx8, fxsr, mmx, sse, sse2, sse3, ssse3, sse4.1, sse4.2, ht

Memory: 4k page, physical 8272436k(3122740k free), swap 16543008k(12060600k free)

vm_info: Java HotSpot(TM) 64-Bit Server VM (14.3-b01) for windows-amd64 JRE (1.6.0_17-b04), built on Oct 11 2009 00:46:08 by "java_re" with MS VC++ 8.0

time: Mon Nov 03 09:07:41 2014
elapsed time: 426077 seconds

